2023-08-18 16:35:44.327 [main] INFO  api.test.Usertest - *************** User creating **************
2023-08-18 16:35:48.590 [main] INFO  api.test.Usertest - *************** User created **************
2023-08-18 16:35:48.612 [main] INFO  api.test.Usertest - *************** Reading user **************
2023-08-18 16:35:50.150 [main] INFO  api.test.Usertest - *************** User displayed **************
2023-08-18 16:35:50.157 [main] INFO  api.test.Usertest - *************** Updating user **************
2023-08-18 16:35:51.258 [main] INFO  api.test.Usertest - *************** User is updated **************
2023-08-18 16:35:52.344 [main] INFO  api.test.Usertest - *************** Deleteing user **************
2023-08-18 16:35:53.446 [main] INFO  api.test.Usertest - *************** User is Deleted **************
2023-08-21 14:42:43.057 [main] INFO  api.test.Usertest2 - *************** User creating **************
2023-08-21 14:42:46.948 [main] INFO  api.test.Usertest2 - *************** Reading user **************
2023-08-21 14:42:47.933 [main] INFO  api.test.Usertest2 - *************** Updating user **************
2023-08-21 14:42:48.910 [main] INFO  api.test.Usertest2 - *************** User is updated **************
2023-08-21 14:42:50.039 [main] INFO  api.test.Usertest2 - *************** Deleteing user **************
2023-08-21 14:42:51.047 [main] INFO  api.test.Usertest2 - *************** User is Deleted **************
2023-08-21 14:51:36.149 [main] INFO  api.test.Usertest2 - *************** User creating **************
2023-08-21 14:51:39.395 [main] INFO  api.test.Usertest2 - *************** Reading user **************
2023-08-21 14:51:40.514 [main] INFO  api.test.Usertest2 - *************** Updating user **************
2023-08-21 14:51:41.528 [main] INFO  api.test.Usertest2 - *************** User is updated **************
2023-08-21 14:51:42.481 [main] INFO  api.test.Usertest2 - *************** Deleteing user **************
2023-08-21 14:51:43.493 [main] INFO  api.test.Usertest2 - *************** User is Deleted **************
2023-08-21 14:52:43.407 [main] INFO  api.test.Usertest2 - *************** User creating **************
2023-08-21 14:52:46.135 [main] INFO  api.test.Usertest2 - *************** User created **************
2023-08-21 14:52:46.153 [main] INFO  api.test.Usertest2 - *************** Reading user **************
2023-08-21 14:52:47.201 [main] INFO  api.test.Usertest2 - *************** User displayed **************
2023-08-21 14:52:47.206 [main] INFO  api.test.Usertest2 - *************** Updating user **************
2023-08-21 14:52:48.279 [main] INFO  api.test.Usertest2 - *************** User is updated **************
2023-08-21 14:52:49.253 [main] INFO  api.test.Usertest2 - *************** Deleteing user **************
2023-08-21 14:52:50.313 [main] INFO  api.test.Usertest2 - *************** User is Deleted **************
2023-08-22 11:12:42.916 [main] INFO  api.test.Usertest2 - *************** User creating **************
2023-08-22 11:12:46.987 [main] INFO  api.test.Usertest2 - *************** User created **************
2023-08-22 11:12:47.002 [main] INFO  api.test.Usertest2 - *************** Reading user **************
2023-08-22 11:12:48.037 [main] INFO  api.test.Usertest2 - *************** User displayed **************
2023-08-22 11:12:48.042 [main] INFO  api.test.Usertest2 - *************** Updating user **************
2023-08-22 11:12:48.985 [main] INFO  api.test.Usertest2 - *************** User is updated **************
2023-08-22 11:12:50.009 [main] INFO  api.test.Usertest2 - *************** Deleteing user **************
2023-08-22 11:12:50.947 [main] INFO  api.test.Usertest2 - *************** User is Deleted **************
2023-08-22 11:13:19.287 [main] INFO  api.test.Usertest2 - *************** User creating **************
2023-08-22 11:13:22.785 [main] INFO  api.test.Usertest2 - *************** User created **************
2023-08-22 11:13:22.796 [main] INFO  api.test.Usertest2 - *************** Reading user **************
2023-08-22 11:13:23.760 [main] INFO  api.test.Usertest2 - *************** User displayed **************
2023-08-22 11:13:23.764 [main] INFO  api.test.Usertest2 - *************** Updating user **************
2023-08-22 11:13:24.719 [main] INFO  api.test.Usertest2 - *************** User is updated **************
2023-08-22 11:13:25.680 [main] INFO  api.test.Usertest2 - *************** Deleteing user **************
2023-08-22 11:13:26.566 [main] INFO  api.test.Usertest2 - *************** User is Deleted **************
2023-08-23 11:06:14.536 [main] INFO  api.test.Usertest2 - *************** User creating **************
2023-08-23 11:06:18.431 [main] INFO  api.test.Usertest2 - *************** User created **************
2023-08-23 11:06:18.449 [main] INFO  api.test.Usertest2 - *************** Reading user **************
2023-08-23 11:06:19.453 [main] INFO  api.test.Usertest2 - *************** User displayed **************
2023-08-23 11:06:19.461 [main] INFO  api.test.Usertest2 - *************** Updating user **************
2023-08-23 11:06:20.458 [main] INFO  api.test.Usertest2 - *************** User is updated **************
2023-08-23 11:06:21.392 [main] INFO  api.test.Usertest2 - *************** Deleteing user **************
2023-08-23 11:06:22.392 [main] INFO  api.test.Usertest2 - *************** User is Deleted **************
2023-08-28 15:58:28.015 [main] INFO  api.test.Usertest2 - *************** User creating **************
2023-08-28 15:58:31.583 [main] INFO  api.test.Usertest2 - *************** User created **************
2023-08-28 15:58:31.614 [main] INFO  api.test.Usertest2 - *************** Reading user **************
2023-08-28 15:58:32.790 [main] INFO  api.test.Usertest2 - *************** User displayed **************
2023-08-28 15:58:32.796 [main] INFO  api.test.Usertest2 - *************** Updating user **************
2023-08-28 15:58:33.989 [main] INFO  api.test.Usertest2 - *************** User is updated **************
2023-08-28 15:58:35.212 [main] INFO  api.test.Usertest2 - *************** Deleteing user **************
2023-08-28 15:58:36.347 [main] INFO  api.test.Usertest2 - *************** User is Deleted **************
2023-08-29 15:06:39.177 [main] INFO  api.test.Usertest2 - *************** User creating **************
2023-08-29 15:06:43.006 [main] INFO  api.test.Usertest2 - *************** User created **************
2023-08-29 15:06:43.021 [main] INFO  api.test.Usertest2 - *************** Reading user **************
2023-08-29 15:06:44.186 [main] INFO  api.test.Usertest2 - *************** User displayed **************
2023-08-29 15:06:44.191 [main] INFO  api.test.Usertest2 - *************** Updating user **************
2023-08-29 15:06:45.364 [main] INFO  api.test.Usertest2 - *************** User is updated **************
2023-08-29 15:06:46.507 [main] INFO  api.test.Usertest2 - *************** Deleteing user **************
2023-08-29 15:06:47.671 [main] INFO  api.test.Usertest2 - *************** User is Deleted **************
